  Game.cpp
C:\Users\admin\source\repos\InfaArkanoid\Game.cpp(71,13): warning C4267: "inicjowanie": konwersja z "size_t" do "int", możliwa utrata danych
  InfaArkanoid.cpp
C:\Users\admin\source\repos\InfaArkanoid\InfaArkanoid.cpp(19,48): warning C4244: "argument": konwersja z "T" do "float", możliwa utrata danych
C:\Users\admin\source\repos\InfaArkanoid\InfaArkanoid.cpp(19,48): warning C4244:         with
C:\Users\admin\source\repos\InfaArkanoid\InfaArkanoid.cpp(19,48): warning C4244:         [
C:\Users\admin\source\repos\InfaArkanoid\InfaArkanoid.cpp(19,48): warning C4244:             T=unsigned int
C:\Users\admin\source\repos\InfaArkanoid\InfaArkanoid.cpp(19,48): warning C4244:         ]
C:\Users\admin\source\repos\InfaArkanoid\InfaArkanoid.cpp(19,28): warning C4244: "argument": konwersja z "T" do "float", możliwa utrata danych
C:\Users\admin\source\repos\InfaArkanoid\InfaArkanoid.cpp(19,28): warning C4244:         with
C:\Users\admin\source\repos\InfaArkanoid\InfaArkanoid.cpp(19,28): warning C4244:         [
C:\Users\admin\source\repos\InfaArkanoid\InfaArkanoid.cpp(19,28): warning C4244:             T=unsigned int
C:\Users\admin\source\repos\InfaArkanoid\InfaArkanoid.cpp(19,28): warning C4244:         ]
  Menu.cpp
  Trwa generowanie kodu
  3 of 560 functions ( 0.5%) were compiled, the rest were copied from previous compilation.
    0 functions were new in current compilation
    3 functions had inline decision re-evaluated but remain unchanged
  Zakończono generowanie kodu
  InfaArkanoid.vcxproj -> C:\Users\admin\source\repos\InfaArkanoid\x64\Release\InfaArkanoid.exe
